<?xml version="1.0" encoding="UTF-8"?>
<!-- Generated by org.testng.reporters.JUnitXMLReporter -->
<testsuite hostname="win764bit" name="Default test" tests="6" failures="0" timestamp="5 Aug 2014 22:09:09 GMT" time="189.918" errors="0">
  <testcase name="testAddPost" time="31.134" classname="Wordpress.page.test.LoginTest"/>
  <testcase name="testAddPost" time="22.457" classname="Wordpress.page.test.LoginTest"/>
  <testcase name="testAddPost" time="22.36" classname="Wordpress.page.test.LoginTest"/>
  <testcase name="testAddPost" time="22.183" classname="Wordpress.page.test.LoginTest"/>
  <testcase name="testAddPost" time="19.601" classname="Wordpress.page.test.LoginTest"/>
  <testcase name="testAddPost" time="20.855" classname="Wordpress.page.test.LoginTest"/>
</testsuite> <!-- Default test -->
