<?xml version="1.0" encoding="UTF-8"?>
<!-- Generated by org.testng.reporters.JUnitXMLReporter -->
<testsuite hostname="win764bit" name="Test case 2 " tests="5" failures="0" timestamp="5 Aug 2014 17:18:20 GMT" time="0.073" errors="0">
  <testcase name="f" time="0.009" classname="persistent.MavenFirstPrj.NewTest"/>
  <testcase name="secondMethod" time="0.001" classname="persistent.MavenFirstPrj.NewTest"/>
  <testcase name="f" time="0.001" classname="persistent.MavenFirstPrj.SecondTestNGClass"/>
  <testcase name="second" time="0.001" classname="persistent.MavenFirstPrj.SecondTestNGClass"/>
  <testcase name="second" time="0.001" classname="persistent.MavenFirstPrj.SecondTestNGClass"/>
</testsuite> <!-- Test case 2  -->
