<?xml version="1.0" encoding="UTF-8"?>
<!-- Generated by org.testng.reporters.JUnitXMLReporter -->
<testsuite hostname="win764bit" name="Test case 3 " tests="3" failures="0" timestamp="4 Aug 2014 21:14:38 GMT" time="0.01" errors="0">
  <testcase name="f" time="0.0" classname="persistent.MavenFirstPrj.NewTest"/>
  <testcase name="secondMethod" time="0.001" classname="persistent.MavenFirstPrj.NewTest"/>
  <testcase name="f" time="0.0" classname="persistent.MavenFirstPrj.SecondTestNGClass"/>
</testsuite> <!-- Test case 3  -->
