<?xml version="1.0" encoding="UTF-8"?>
<testng-results skipped="0" failed="0" total="6" passed="6">
  <reporter-output>
  </reporter-output>
  <suite name="Default suite" duration-ms="189918" started-at="2014-08-05T22:05:59Z" finished-at="2014-08-05T22:09:09Z">
    <groups>
    </groups>
    <test name="Default test" duration-ms="189918" started-at="2014-08-05T22:05:59Z" finished-at="2014-08-05T22:09:09Z">
      <class name="Wordpress.page.test.LoginTest">
        <test-method status="PASS" signature="loginnavigatetoAddPost()[pri:0, instance:Wordpress.page.test.LoginTest@4f85aa63]" name="loginnavigatetoAddPost" is-config="true" duration-ms="50121" started-at="2014-08-06T03:35:59Z" finished-at="2014-08-06T03:36:49Z">
          <reporter-output>
          </reporter-output>
        </test-method> <!-- loginnavigatetoAddPost -->
        <test-method status="PASS" signature="testAddPost(java.lang.String, java.lang.String)[pri:0, instance:Wordpress.page.test.LoginTest@4f85aa63]" name="testAddPost" duration-ms="31134" started-at="2014-08-06T03:36:50Z" data-provider="AddPostdata" finished-at="2014-08-06T03:37:21Z">
          <params>
            <param index="0">
              <value>
                <![CDATA[title]]>
              </value>
            </param>
            <param index="1">
              <value>
                <![CDATA[Description]]>
              </value>
            </param>
          </params>
          <reporter-output>
          </reporter-output>
        </test-method> <!-- testAddPost -->
        <test-method status="PASS" signature="testAddPost(java.lang.String, java.lang.String)[pri:0, instance:Wordpress.page.test.LoginTest@4f85aa63]" name="testAddPost" duration-ms="22457" started-at="2014-08-06T03:37:21Z" data-provider="AddPostdata" finished-at="2014-08-06T03:37:43Z">
          <params>
            <param index="0">
              <value>
                <![CDATA[Title 1]]>
              </value>
            </param>
            <param index="1">
              <value>
                <![CDATA[Description 1]]>
              </value>
            </param>
          </params>
          <reporter-output>
          </reporter-output>
        </test-method> <!-- testAddPost -->
        <test-method status="PASS" signature="testAddPost(java.lang.String, java.lang.String)[pri:0, instance:Wordpress.page.test.LoginTest@4f85aa63]" name="testAddPost" duration-ms="22360" started-at="2014-08-06T03:37:43Z" data-provider="AddPostdata" finished-at="2014-08-06T03:38:06Z">
          <params>
            <param index="0">
              <value>
                <![CDATA[Title 2]]>
              </value>
            </param>
            <param index="1">
              <value>
                <![CDATA[Description 2]]>
              </value>
            </param>
          </params>
          <reporter-output>
          </reporter-output>
        </test-method> <!-- testAddPost -->
        <test-method status="PASS" signature="testAddPost(java.lang.String, java.lang.String)[pri:0, instance:Wordpress.page.test.LoginTest@4f85aa63]" name="testAddPost" duration-ms="22183" started-at="2014-08-06T03:38:06Z" data-provider="AddPostdata" finished-at="2014-08-06T03:38:28Z">
          <params>
            <param index="0">
              <value>
                <![CDATA[Title 3]]>
              </value>
            </param>
            <param index="1">
              <value>
                <![CDATA[Description 3]]>
              </value>
            </param>
          </params>
          <reporter-output>
          </reporter-output>
        </test-method> <!-- testAddPost -->
        <test-method status="PASS" signature="testAddPost(java.lang.String, java.lang.String)[pri:0, instance:Wordpress.page.test.LoginTest@4f85aa63]" name="testAddPost" duration-ms="19601" started-at="2014-08-06T03:38:28Z" data-provider="AddPostdata" finished-at="2014-08-06T03:38:47Z">
          <params>
            <param index="0">
              <value>
                <![CDATA[Title 4]]>
              </value>
            </param>
            <param index="1">
              <value>
                <![CDATA[Description 4]]>
              </value>
            </param>
          </params>
          <reporter-output>
          </reporter-output>
        </test-method> <!-- testAddPost -->
        <test-method status="PASS" signature="testAddPost(java.lang.String, java.lang.String)[pri:0, instance:Wordpress.page.test.LoginTest@4f85aa63]" name="testAddPost" duration-ms="20855" started-at="2014-08-06T03:38:47Z" data-provider="AddPostdata" finished-at="2014-08-06T03:39:08Z">
          <params>
            <param index="0">
              <value>
                <![CDATA[Title 5]]>
              </value>
            </param>
            <param index="1">
              <value>
                <![CDATA[Description 5]]>
              </value>
            </param>
          </params>
          <reporter-output>
          </reporter-output>
        </test-method> <!-- testAddPost -->
        <test-method status="PASS" signature="teardown()[pri:0, instance:Wordpress.page.test.LoginTest@4f85aa63]" name="teardown" is-config="true" duration-ms="922" started-at="2014-08-06T03:39:08Z" finished-at="2014-08-06T03:39:09Z">
          <reporter-output>
          </reporter-output>
        </test-method> <!-- teardown -->
      </class> <!-- Wordpress.page.test.LoginTest -->
    </test> <!-- Default test -->
  </suite> <!-- Default suite -->
</testng-results>
